[0610/172713.261:ERROR:zip_reader.cc(153)] Cannot open ZIP from file handle 00000000000001F8
[0610/172713.261:ERROR:zip.cc(202)] Cannot open ZIP from file handle 00000000000001F8
[0610/172713.262:ERROR:zip.cc(179)] Cannot open 'C:\Users\roni_\Documents\Coding\JS\personal-pm\cache\0.65.1-sdk\win64\package.nw': FILE_ERROR_NOT_FOUND: The system cannot find the file specified. (0x2)
[0610/173233.897:ERROR:zip_reader.cc(153)] Cannot open ZIP from file handle 00000000000001F0
[0610/173233.897:ERROR:zip.cc(202)] Cannot open ZIP from file handle 00000000000001F0
[0610/173233.897:ERROR:zip.cc(179)] Cannot open 'C:\Users\roni_\Documents\Coding\JS\personal-pm\cache\0.65.1-sdk\win64\package.nw': FILE_ERROR_NOT_FOUND: The system cannot find the file specified. (0x2)
[0610/205713.583:ERROR:zip_reader.cc(153)] Cannot open ZIP from file handle 00000000000001F0
[0610/205713.583:ERROR:zip.cc(202)] Cannot open ZIP from file handle 00000000000001F0
[0610/205713.583:ERROR:zip.cc(179)] Cannot open 'C:\Users\roni_\Documents\Coding\JS\personal-pm\cache\0.65.1-sdk\win64\package.nw': FILE_ERROR_NOT_FOUND: The system cannot find the file specified. (0x2)
[0610/210052.268:ERROR:zip_reader.cc(153)] Cannot open ZIP from file handle 00000000000001F0
[0610/210052.268:ERROR:zip.cc(202)] Cannot open ZIP from file handle 00000000000001F0
[0610/210052.268:ERROR:zip.cc(179)] Cannot open 'C:\Users\roni_\Documents\Coding\JS\personal-pm\cache\0.65.1-sdk\win64\package.nw': FILE_ERROR_NOT_FOUND: The system cannot find the file specified. (0x2)
[0610/210328.698:ERROR:zip_reader.cc(153)] Cannot open ZIP from file handle 00000000000001FC
[0610/210328.698:ERROR:zip.cc(202)] Cannot open ZIP from file handle 00000000000001FC
[0610/210328.699:ERROR:zip.cc(179)] Cannot open 'C:\Users\roni_\Documents\Coding\JS\personal-pm\cache\0.65.1-sdk\win64\package.nw': FILE_ERROR_NOT_FOUND: The system cannot find the file specified. (0x2)
[0610/210607.894:ERROR:zip_reader.cc(153)] Cannot open ZIP from file handle 00000000000001F0
[0610/210607.894:ERROR:zip.cc(202)] Cannot open ZIP from file handle 00000000000001F0
[0610/210607.895:ERROR:zip.cc(179)] Cannot open 'C:\Users\roni_\Documents\Coding\JS\personal-pm\cache\0.65.1-sdk\win64\package.nw': FILE_ERROR_NOT_FOUND: The system cannot find the file specified. (0x2)
[0610/210724.178:ERROR:zip_reader.cc(153)] Cannot open ZIP from file handle 000000000000020C
[0610/210724.178:ERROR:zip.cc(202)] Cannot open ZIP from file handle 000000000000020C
[0610/210724.178:ERROR:zip.cc(179)] Cannot open 'C:\Users\roni_\Documents\Coding\JS\personal-pm\cache\0.65.1-sdk\win64\package.nw': FILE_ERROR_NOT_FOUND: The system cannot find the file specified. (0x2)
[0610/212832.505:ERROR:zip_reader.cc(153)] Cannot open ZIP from file handle 00000000000001F0
[0610/212832.505:ERROR:zip.cc(202)] Cannot open ZIP from file handle 00000000000001F0
[0610/212832.505:ERROR:zip.cc(179)] Cannot open 'C:\Users\roni_\Documents\Coding\JS\personal-pm\cache\0.65.1-sdk\win64\package.nw': FILE_ERROR_NOT_FOUND: The system cannot find the file specified. (0x2)
[0610/213315.160:ERROR:zip_reader.cc(153)] Cannot open ZIP from file handle 00000000000001F0
[0610/213315.160:ERROR:zip.cc(202)] Cannot open ZIP from file handle 00000000000001F0
[0610/213315.160:ERROR:zip.cc(179)] Cannot open 'C:\Users\roni_\Documents\Coding\JS\personal-pm\cache\0.65.1-sdk\win64\package.nw': FILE_ERROR_NOT_FOUND: The system cannot find the file specified. (0x2)
[0614/160202.912:ERROR:zip_reader.cc(153)] Cannot open ZIP from file handle 00000000000001F0
[0614/160202.913:ERROR:zip.cc(202)] Cannot open ZIP from file handle 00000000000001F0
[0614/160202.913:ERROR:zip.cc(179)] Cannot open 'C:\Users\roni_\Documents\Coding\JS\personal-pm\cache\0.65.1-sdk\win64\package.nw': FILE_ERROR_NOT_FOUND: The system cannot find the file specified. (0x2)
[0614/161655.969:ERROR:zip_reader.cc(153)] Cannot open ZIP from file handle 00000000000001F0
[0614/161655.969:ERROR:zip.cc(202)] Cannot open ZIP from file handle 00000000000001F0
[0614/161655.969:ERROR:zip.cc(179)] Cannot open 'C:\Users\roni_\Documents\Coding\JS\personal-pm\cache\0.65.1-sdk\win64\package.nw': FILE_ERROR_NOT_FOUND: The system cannot find the file specified. (0x2)
[0614/164204.392:ERROR:zip_reader.cc(153)] Cannot open ZIP from file handle 00000000000001F8
[0614/164204.392:ERROR:zip.cc(202)] Cannot open ZIP from file handle 00000000000001F8
[0614/164204.392:ERROR:zip.cc(179)] Cannot open 'C:\Users\roni_\Documents\Coding\JS\personal-pm\cache\0.65.1-sdk\win64\package.nw': FILE_ERROR_NOT_FOUND: The system cannot find the file specified. (0x2)
[0614/212429.775:ERROR:zip_reader.cc(153)] Cannot open ZIP from file handle 00000000000001F0
[0614/212429.776:ERROR:zip.cc(202)] Cannot open ZIP from file handle 00000000000001F0
[0614/212429.776:ERROR:zip.cc(179)] Cannot open 'C:\Users\roni_\Documents\Coding\JS\personal-pm\cache\0.65.1-sdk\win64\package.nw': FILE_ERROR_NOT_FOUND: The system cannot find the file specified. (0x2)
[0614/223023.464:ERROR:zip_reader.cc(153)] Cannot open ZIP from file handle 00000000000001F4
[0614/223023.464:ERROR:zip.cc(202)] Cannot open ZIP from file handle 00000000000001F4
[0614/223023.464:ERROR:zip.cc(179)] Cannot open 'C:\Users\roni_\Documents\Coding\JS\personal-pm\cache\0.65.1-sdk\win64\package.nw': FILE_ERROR_NOT_FOUND: The system cannot find the file specified. (0x2)
[0615/162813.682:ERROR:zip_reader.cc(153)] Cannot open ZIP from file handle 00000000000001F0
[0615/162813.683:ERROR:zip.cc(202)] Cannot open ZIP from file handle 00000000000001F0
[0615/162813.683:ERROR:zip.cc(179)] Cannot open 'C:\Users\roni_\Documents\Coding\JS\personal-pm\cache\0.65.1-sdk\win64\package.nw': FILE_ERROR_NOT_FOUND: The system cannot find the file specified. (0x2)
[0615/170251.313:ERROR:zip_reader.cc(153)] Cannot open ZIP from file handle 00000000000001F8
[0615/170251.313:ERROR:zip.cc(202)] Cannot open ZIP from file handle 00000000000001F8
[0615/170251.313:ERROR:zip.cc(179)] Cannot open 'C:\Users\roni_\Documents\Coding\JS\personal-pm\cache\0.65.1-sdk\win64\package.nw': FILE_ERROR_NOT_FOUND: The system cannot find the file specified. (0x2)
[0615/172453.178:ERROR:zip_reader.cc(153)] Cannot open ZIP from file handle 0000000000000098
[0615/172453.178:ERROR:zip.cc(202)] Cannot open ZIP from file handle 0000000000000098
[0615/172453.178:ERROR:zip.cc(179)] Cannot open 'C:\Users\roni_\Documents\Coding\JS\personal-pm\cache\0.65.1-sdk\win64\package.nw': FILE_ERROR_NOT_FOUND: The system cannot find the file specified. (0x2)
[0615/215931.011:ERROR:zip_reader.cc(153)] Cannot open ZIP from file handle 00000000000001F0
[0615/215931.012:ERROR:zip.cc(202)] Cannot open ZIP from file handle 00000000000001F0
[0615/215931.012:ERROR:zip.cc(179)] Cannot open 'C:\Users\roni_\Documents\Coding\JS\personal-pm\cache\0.65.1-sdk\win64\package.nw': FILE_ERROR_NOT_FOUND: The system cannot find the file specified. (0x2)
[0615/230952.137:ERROR:zip_reader.cc(153)] Cannot open ZIP from file handle 00000000000001FC
[0615/230952.137:ERROR:zip.cc(202)] Cannot open ZIP from file handle 00000000000001FC
[0615/230952.137:ERROR:zip.cc(179)] Cannot open 'C:\Users\roni_\Documents\Coding\JS\personal-pm\cache\0.65.1-sdk\win64\package.nw': FILE_ERROR_NOT_FOUND: The system cannot find the file specified. (0x2)
[0616/140858.163:ERROR:zip_reader.cc(153)] Cannot open ZIP from file handle 00000000000001F0
[0616/140858.163:ERROR:zip.cc(202)] Cannot open ZIP from file handle 00000000000001F0
[0616/140858.164:ERROR:zip.cc(179)] Cannot open 'C:\Users\roni_\Documents\Coding\JS\personal-pm\cache\0.65.1-sdk\win64\package.nw': FILE_ERROR_NOT_FOUND: The system cannot find the file specified. (0x2)
[0616/145834.797:ERROR:zip_reader.cc(153)] Cannot open ZIP from file handle 0000000000000200
[0616/145834.797:ERROR:zip.cc(202)] Cannot open ZIP from file handle 0000000000000200
[0616/145834.798:ERROR:zip.cc(179)] Cannot open 'C:\Users\roni_\Documents\Coding\JS\personal-pm\cache\0.65.1-sdk\win64\package.nw': FILE_ERROR_NOT_FOUND: The system cannot find the file specified. (0x2)
[0616/145835.032:ERROR:registration_protocol_win.cc(107)] CreateFile: The system cannot find the file specified. (0x2)
[0616/145913.372:ERROR:zip_reader.cc(153)] Cannot open ZIP from file handle 00000000000001F0
[0616/145913.372:ERROR:zip.cc(202)] Cannot open ZIP from file handle 00000000000001F0
[0616/145913.372:ERROR:zip.cc(179)] Cannot open 'C:\Users\roni_\Documents\Coding\JS\personal-pm\cache\0.65.1-sdk\win64\package.nw': FILE_ERROR_NOT_FOUND: The system cannot find the file specified. (0x2)
[0616/163224.201:ERROR:zip_reader.cc(153)] Cannot open ZIP from file handle 00000000000001F8
[0616/163224.201:ERROR:zip.cc(202)] Cannot open ZIP from file handle 00000000000001F8
[0616/163224.201:ERROR:zip.cc(179)] Cannot open 'C:\Users\roni_\Documents\Coding\JS\personal-pm\cache\0.65.1-sdk\win64\package.nw': FILE_ERROR_NOT_FOUND: The system cannot find the file specified. (0x2)
[0616/163530.256:ERROR:zip_reader.cc(153)] Cannot open ZIP from file handle 00000000000001F0
[0616/163530.256:ERROR:zip.cc(202)] Cannot open ZIP from file handle 00000000000001F0
[0616/163530.257:ERROR:zip.cc(179)] Cannot open 'C:\Users\roni_\Documents\Coding\JS\personal-pm\cache\0.65.1-sdk\win64\package.nw': FILE_ERROR_NOT_FOUND: The system cannot find the file specified. (0x2)
[0616/163627.063:ERROR:zip_reader.cc(153)] Cannot open ZIP from file handle 00000000000001F0
[0616/163627.063:ERROR:zip.cc(202)] Cannot open ZIP from file handle 00000000000001F0
[0616/163627.063:ERROR:zip.cc(179)] Cannot open 'C:\Users\roni_\Documents\Coding\JS\personal-pm\cache\0.65.1-sdk\win64\package.nw': FILE_ERROR_NOT_FOUND: The system cannot find the file specified. (0x2)
[0616/163627.260:ERROR:registration_protocol_win.cc(107)] CreateFile: The system cannot find the file specified. (0x2)
[0616/180116.389:ERROR:zip_reader.cc(153)] Cannot open ZIP from file handle 0000000000000224
[0616/180116.389:ERROR:zip.cc(202)] Cannot open ZIP from file handle 0000000000000224
[0616/180116.389:ERROR:zip.cc(179)] Cannot open 'C:\Users\roni_\Documents\Coding\JS\personal-pm\cache\0.65.1-sdk\win64\package.nw': FILE_ERROR_NOT_FOUND: The system cannot find the file specified. (0x2)
[0616/221213.530:ERROR:zip_reader.cc(153)] Cannot open ZIP from file handle 0000000000000230
[0616/221213.530:ERROR:zip.cc(202)] Cannot open ZIP from file handle 0000000000000230
[0616/221213.530:ERROR:zip.cc(179)] Cannot open 'C:\Users\roni_\Documents\Coding\JS\personal-pm\cache\0.65.1-sdk\win64\package.nw': FILE_ERROR_NOT_FOUND: The system cannot find the file specified. (0x2)
[0616/221618.566:ERROR:zip_reader.cc(153)] Cannot open ZIP from file handle 0000000000000224
[0616/221618.566:ERROR:zip.cc(202)] Cannot open ZIP from file handle 0000000000000224
[0616/221618.566:ERROR:zip.cc(179)] Cannot open 'C:\Users\roni_\Documents\Coding\JS\personal-pm\cache\0.65.1-sdk\win64\package.nw': FILE_ERROR_NOT_FOUND: The system cannot find the file specified. (0x2)
[0616/221618.713:ERROR:registration_protocol_win.cc(107)] CreateFile: The system cannot find the file specified. (0x2)
[0616/221948.512:ERROR:zip_reader.cc(153)] Cannot open ZIP from file handle 0000000000000224
[0616/221948.512:ERROR:zip.cc(202)] Cannot open ZIP from file handle 0000000000000224
[0616/221948.512:ERROR:zip.cc(179)] Cannot open 'C:\Users\roni_\Documents\Coding\JS\personal-pm\cache\0.65.1-sdk\win64\package.nw': FILE_ERROR_NOT_FOUND: The system cannot find the file specified. (0x2)
[0616/222043.842:ERROR:zip_reader.cc(153)] Cannot open ZIP from file handle 0000000000000230
[0616/222043.842:ERROR:zip.cc(202)] Cannot open ZIP from file handle 0000000000000230
[0616/222043.842:ERROR:zip.cc(179)] Cannot open 'C:\Users\roni_\Documents\Coding\JS\personal-pm\cache\0.65.1-sdk\win64\package.nw': FILE_ERROR_NOT_FOUND: The system cannot find the file specified. (0x2)
[0616/222529.077:ERROR:zip_reader.cc(153)] Cannot open ZIP from file handle 000000000000022C
[0616/222529.077:ERROR:zip.cc(202)] Cannot open ZIP from file handle 000000000000022C
[0616/222529.077:ERROR:zip.cc(179)] Cannot open 'C:\Users\roni_\Documents\Coding\JS\personal-pm\cache\0.65.1-sdk\win64\package.nw': FILE_ERROR_NOT_FOUND: The system cannot find the file specified. (0x2)
[0616/231102.686:ERROR:zip_reader.cc(153)] Cannot open ZIP from file handle 0000000000000224
[0616/231102.686:ERROR:zip.cc(202)] Cannot open ZIP from file handle 0000000000000224
[0616/231102.687:ERROR:zip.cc(179)] Cannot open 'C:\Users\roni_\Documents\Coding\JS\personal-pm\cache\0.65.1-sdk\win64\package.nw': FILE_ERROR_NOT_FOUND: The system cannot find the file specified. (0x2)
[0616/231102.810:ERROR:registration_protocol_win.cc(107)] CreateFile: The system cannot find the file specified. (0x2)
[0616/231119.816:ERROR:zip_reader.cc(153)] Cannot open ZIP from file handle 0000000000000224
[0616/231119.816:ERROR:zip.cc(202)] Cannot open ZIP from file handle 0000000000000224
[0616/231119.816:ERROR:zip.cc(179)] Cannot open 'C:\Users\roni_\Documents\Coding\JS\personal-pm\cache\0.65.1-sdk\win64\package.nw': FILE_ERROR_NOT_FOUND: The system cannot find the file specified. (0x2)
